2018-04-19 09:49:14 [-][-][-][error][yii\db\Exception] PDOException: SQLSTATE[HY000] [1049] Unknown database 'yii2advanced' in C:\xampp\htdocs\yii-advance\vendor\yiisoft\yii2\db\Connection.php:687
Stack trace:
#0 C:\xampp\htdocs\yii-advance\vendor\yiisoft\yii2\db\Connection.php(687): PDO->__construct('mysql:host=loca...', 'root', '', NULL)
#1 C:\xampp\htdocs\yii-advance\vendor\yiisoft\yii2\db\Connection.php(613): yii\db\Connection->createPdoInstance()
#2 C:\xampp\htdocs\yii-advance\vendor\yiisoft\yii2\db\Connection.php(996): yii\db\Connection->open()
#3 C:\xampp\htdocs\yii-advance\vendor\yiisoft\yii2\db\Connection.php(983): yii\db\Connection->getMasterPdo()
#4 C:\xampp\htdocs\yii-advance\vendor\yiisoft\yii2\db\Command.php(253): yii\db\Connection->getSlavePdo()
#5 C:\xampp\htdocs\yii-advance\vendor\yiisoft\yii2\db\Command.php(1143): yii\db\Command->prepare(true)
#6 C:\xampp\htdocs\yii-advance\vendor\yiisoft\yii2\db\Command.php(399): yii\db\Command->queryInternal('fetchAll', NULL)
#7 C:\xampp\htdocs\yii-advance\vendor\yiisoft\yii2\db\mysql\Schema.php(312): yii\db\Command->queryAll()
#8 C:\xampp\htdocs\yii-advance\vendor\yiisoft\yii2\db\mysql\Schema.php(125): yii\db\mysql\Schema->findColumns(Object(yii\db\TableSchema))
#9 C:\xampp\htdocs\yii-advance\vendor\yiisoft\yii2\db\Schema.php(744): yii\db\mysql\Schema->loadTableSchema('migration')
#10 C:\xampp\htdocs\yii-advance\vendor\yiisoft\yii2\db\Schema.php(194): yii\db\Schema->getTableMetadata('{{%migration}}', 'schema', true)
#11 C:\xampp\htdocs\yii-advance\vendor\yiisoft\yii2\console\controllers\MigrateController.php(210): yii\db\Schema->getTableSchema('{{%migration}}', true)
#12 C:\xampp\htdocs\yii-advance\vendor\yiisoft\yii2\console\controllers\BaseMigrateController.php(875): yii\console\controllers\MigrateController->getMigrationHistory(NULL)
#13 C:\xampp\htdocs\yii-advance\vendor\yiisoft\yii2\console\controllers\BaseMigrateController.php(166): yii\console\controllers\BaseMigrateController->getNewMigrations()
#14 [internal function]: yii\console\controllers\BaseMigrateController->actionUp(0)
#15 C:\xampp\htdocs\yii-advance\vendor\yiisoft\yii2\base\InlineAction.php(57): call_user_func_array(Array, Array)
#16 C:\xampp\htdocs\yii-advance\vendor\yiisoft\yii2\base\Controller.php(157): yii\base\InlineAction->runWithParams(Array)
#17 C:\xampp\htdocs\yii-advance\vendor\yiisoft\yii2\console\Controller.php(148): yii\base\Controller->runAction('', Array)
#18 C:\xampp\htdocs\yii-advance\vendor\yiisoft\yii2\base\Module.php(528): yii\console\Controller->runAction('', Array)
#19 C:\xampp\htdocs\yii-advance\vendor\yiisoft\yii2\console\Application.php(180): yii\base\Module->runAction('migrate', Array)
#20 C:\xampp\htdocs\yii-advance\vendor\yiisoft\yii2\console\Application.php(147): yii\console\Application->runAction('migrate', Array)
#21 C:\xampp\htdocs\yii-advance\vendor\yiisoft\yii2\base\Application.php(386): yii\console\Application->handleRequest(Object(yii\console\Request))
#22 C:\xampp\htdocs\yii-advance\yii(23): yii\base\Application->run()
#23 {main}

Next yii\db\Exception: SQLSTATE[HY000] [1049] Unknown database 'yii2advanced' in C:\xampp\htdocs\yii-advance\vendor\yiisoft\yii2\db\Connection.php:624
Stack trace:
#0 C:\xampp\htdocs\yii-advance\vendor\yiisoft\yii2\db\Connection.php(996): yii\db\Connection->open()
#1 C:\xampp\htdocs\yii-advance\vendor\yiisoft\yii2\db\Connection.php(983): yii\db\Connection->getMasterPdo()
#2 C:\xampp\htdocs\yii-advance\vendor\yiisoft\yii2\db\Command.php(253): yii\db\Connection->getSlavePdo()
#3 C:\xampp\htdocs\yii-advance\vendor\yiisoft\yii2\db\Command.php(1143): yii\db\Command->prepare(true)
#4 C:\xampp\htdocs\yii-advance\vendor\yiisoft\yii2\db\Command.php(399): yii\db\Command->queryInternal('fetchAll', NULL)
#5 C:\xampp\htdocs\yii-advance\vendor\yiisoft\yii2\db\mysql\Schema.php(312): yii\db\Command->queryAll()
#6 C:\xampp\htdocs\yii-advance\vendor\yiisoft\yii2\db\mysql\Schema.php(125): yii\db\mysql\Schema->findColumns(Object(yii\db\TableSchema))
#7 C:\xampp\htdocs\yii-advance\vendor\yiisoft\yii2\db\Schema.php(744): yii\db\mysql\Schema->loadTableSchema('migration')
#8 C:\xampp\htdocs\yii-advance\vendor\yiisoft\yii2\db\Schema.php(194): yii\db\Schema->getTableMetadata('{{%migration}}', 'schema', true)
#9 C:\xampp\htdocs\yii-advance\vendor\yiisoft\yii2\console\controllers\MigrateController.php(210): yii\db\Schema->getTableSchema('{{%migration}}', true)
#10 C:\xampp\htdocs\yii-advance\vendor\yiisoft\yii2\console\controllers\BaseMigrateController.php(875): yii\console\controllers\MigrateController->getMigrationHistory(NULL)
#11 C:\xampp\htdocs\yii-advance\vendor\yiisoft\yii2\console\controllers\BaseMigrateController.php(166): yii\console\controllers\BaseMigrateController->getNewMigrations()
#12 [internal function]: yii\console\controllers\BaseMigrateController->actionUp(0)
#13 C:\xampp\htdocs\yii-advance\vendor\yiisoft\yii2\base\InlineAction.php(57): call_user_func_array(Array, Array)
#14 C:\xampp\htdocs\yii-advance\vendor\yiisoft\yii2\base\Controller.php(157): yii\base\InlineAction->runWithParams(Array)
#15 C:\xampp\htdocs\yii-advance\vendor\yiisoft\yii2\console\Controller.php(148): yii\base\Controller->runAction('', Array)
#16 C:\xampp\htdocs\yii-advance\vendor\yiisoft\yii2\base\Module.php(528): yii\console\Controller->runAction('', Array)
#17 C:\xampp\htdocs\yii-advance\vendor\yiisoft\yii2\console\Application.php(180): yii\base\Module->runAction('migrate', Array)
#18 C:\xampp\htdocs\yii-advance\vendor\yiisoft\yii2\console\Application.php(147): yii\console\Application->runAction('migrate', Array)
#19 C:\xampp\htdocs\yii-advance\vendor\yiisoft\yii2\base\Application.php(386): yii\console\Application->handleRequest(Object(yii\console\Request))
#20 C:\xampp\htdocs\yii-advance\yii(23): yii\base\Application->run()
#21 {main}
Additional Information:

2018-04-19 09:49:14 [-][-][-][info][application] $_GET = []

$_POST = []

$_FILES = []

$_COOKIE = []

$_SERVER = [
    'ALLUSERSPROFILE' => 'C:\\ProgramData'
    'APPDATA' => 'C:\\Users\\sanjay.chaudhari\\AppData\\Roaming'
    'CommonProgramFiles' => 'C:\\Program Files (x86)\\Common Files'
    'CommonProgramFiles(x86)' => 'C:\\Program Files (x86)\\Common Files'
    'CommonProgramW6432' => 'C:\\Program Files\\Common Files'
    'COMPUTERNAME' => 'PIL-AHD-D319-PC'
    'ComSpec' => 'C:\\Windows\\system32\\cmd.exe'
    'FP_NO_HOST_CHECK' => 'NO'
    'HOMEDRIVE' => 'Z:'
    'HOMEPATH' => '\\'
    'HOMESHARE' => '\\\\192.168.15.206\\user\\sanjay.chaudhari'
    'LOCALAPPDATA' => 'C:\\Users\\sanjay.chaudhari\\AppData\\Local'
    'LOGONSERVER' => '\\\\DC2008'
    'NLS_LANG' => 'AMERICAN_AMERICA.IW8ISO8859P8'
    'NUMBER_OF_PROCESSORS' => '4'
    'OS' => 'Windows_NT'
    'Path' => 'C:\\Program Files (x86)\\Common Files\\NetSarang;C:\\Program Files (x86)\\Intel\\iCLS Client\\;C:\\Program Files\\Intel\\iCLS Client\\;C:\\Windows\\system32;C:\\Windows;C:\\Windows\\System32\\Wbem;C:\\Windows\\System32\\WindowsPowerShell\\v1.0\\;C:\\Program Files\\Intel\\Intel(R) Management Engine Components\\DAL;C:\\Program Files\\Intel\\Intel(R) Management Engine Components\\IPT;C:\\Program Files (x86)\\Intel\\Intel(R) Management Engine Components\\DAL;C:\\Program Files (x86)\\Intel\\Intel(R) Management Engine Components\\IPT;C:\\Program Files (x86)\\Bitvise SSH Client;C:\\Program Files\\TortoiseSVN\\bin;D:\\instantclient_12_1;D:\\Xamp\\php;D:\\Zend\\ZendServer\\share\\ZendFramework\\bin;D:\\Zend\\MySQL55\\bin;C:\\Program Files (x86)\\Skype\\Phone\\;C:\\Program Files\\nodejs\\;C:\\xampp\\php;C:\\ProgramData\\ComposerSetup\\bin;C:\\Users\\sanjay.chaudhari\\AppData\\Roaming\\npm'
    'PATHEXT' => '.COM;.EXE;.BAT;.CMD;.VBS;.VBE;.JS;.JSE;.WSF;.WSH;.MSC'
    'PROCESSOR_ARCHITECTURE' => 'x86'
    'PROCESSOR_ARCHITEW6432' => 'AMD64'
    'PROCESSOR_IDENTIFIER' => 'Intel64 Family 6 Model 60 Stepping 3, GenuineIntel'
    'PROCESSOR_LEVEL' => '6'
    'PROCESSOR_REVISION' => '3c03'
    'ProgramData' => 'C:\\ProgramData'
    'ProgramFiles' => 'C:\\Program Files (x86)'
    'ProgramFiles(x86)' => 'C:\\Program Files (x86)'
    'ProgramW6432' => 'C:\\Program Files'
    'PROMPT' => '$P$G'
    'PSModulePath' => 'C:\\Windows\\system32\\WindowsPowerShell\\v1.0\\Modules\\'
    'PUBLIC' => 'C:\\Users\\Public'
    'SESSIONNAME' => 'Console'
    'SystemDrive' => 'C:'
    'SystemRoot' => 'C:\\Windows'
    'TEMP' => 'C:\\Users\\SANJAY~1.CHA\\AppData\\Local\\Temp'
    'TMP' => 'C:\\Users\\SANJAY~1.CHA\\AppData\\Local\\Temp'
    'USERDNSDOMAIN' => 'BANKAIGROUP.COM'
    'USERDOMAIN' => 'BANKAIGROUP'
    'USERNAME' => 'sanjay.chaudhari'
    'USERPROFILE' => 'C:\\Users\\sanjay.chaudhari'
    'windir' => 'C:\\Windows'
    'windows_tracing_flags' => '3'
    'windows_tracing_logfile' => 'C:\\BVTBin\\Tests\\installpackage\\csilogfile.log'
    'PHP_SELF' => 'yii'
    'SCRIPT_NAME' => 'yii'
    'SCRIPT_FILENAME' => 'yii'
    'PATH_TRANSLATED' => 'yii'
    'DOCUMENT_ROOT' => ''
    'REQUEST_TIME_FLOAT' => 1524124154.0478
    'REQUEST_TIME' => 1524124154
    'argv' => [
        0 => 'yii'
        1 => 'migrate'
    ]
    'argc' => 2
]
2018-04-19 09:50:31 [-][-][-][error][yii\base\UnknownPropertyException] yii\base\UnknownPropertyException: Setting unknown property: yii\db\Connection::port in C:\xampp\htdocs\yii-advance\vendor\yiisoft\yii2\base\Component.php:209
Stack trace:
#0 C:\xampp\htdocs\yii-advance\vendor\yiisoft\yii2\BaseYii.php(546): yii\base\Component->__set('port', '3307')
#1 C:\xampp\htdocs\yii-advance\vendor\yiisoft\yii2\base\BaseObject.php(107): yii\BaseYii::configure(Object(yii\db\Connection), Array)
#2 [internal function]: yii\base\BaseObject->__construct(Array)
#3 C:\xampp\htdocs\yii-advance\vendor\yiisoft\yii2\di\Container.php(383): ReflectionClass->newInstanceArgs(Array)
#4 C:\xampp\htdocs\yii-advance\vendor\yiisoft\yii2\di\Container.php(156): yii\di\Container->build('yii\\db\\Connecti...', Array, Array)
#5 C:\xampp\htdocs\yii-advance\vendor\yiisoft\yii2\BaseYii.php(349): yii\di\Container->get('yii\\db\\Connecti...', Array, Array)
#6 C:\xampp\htdocs\yii-advance\vendor\yiisoft\yii2\di\ServiceLocator.php(137): yii\BaseYii::createObject(Array)
#7 C:\xampp\htdocs\yii-advance\vendor\yiisoft\yii2\base\Module.php(742): yii\di\ServiceLocator->get('db', true)
#8 C:\xampp\htdocs\yii-advance\vendor\yiisoft\yii2\di\Instance.php(164): yii\base\Module->get('db')
#9 C:\xampp\htdocs\yii-advance\vendor\yiisoft\yii2\di\Instance.php(137): yii\di\Instance->get(NULL)
#10 C:\xampp\htdocs\yii-advance\vendor\yiisoft\yii2\console\controllers\MigrateController.php(182): yii\di\Instance::ensure(Object(yii\di\Instance), 'yii\\db\\Connecti...')
#11 C:\xampp\htdocs\yii-advance\vendor\yiisoft\yii2\base\Controller.php(155): yii\console\controllers\MigrateController->beforeAction(Object(yii\base\InlineAction))
#12 C:\xampp\htdocs\yii-advance\vendor\yiisoft\yii2\console\Controller.php(148): yii\base\Controller->runAction('', Array)
#13 C:\xampp\htdocs\yii-advance\vendor\yiisoft\yii2\base\Module.php(528): yii\console\Controller->runAction('', Array)
#14 C:\xampp\htdocs\yii-advance\vendor\yiisoft\yii2\console\Application.php(180): yii\base\Module->runAction('migrate', Array)
#15 C:\xampp\htdocs\yii-advance\vendor\yiisoft\yii2\console\Application.php(147): yii\console\Application->runAction('migrate', Array)
#16 C:\xampp\htdocs\yii-advance\vendor\yiisoft\yii2\base\Application.php(386): yii\console\Application->handleRequest(Object(yii\console\Request))
#17 C:\xampp\htdocs\yii-advance\yii(23): yii\base\Application->run()
#18 {main}
2018-04-19 09:50:31 [-][-][-][info][application] $_GET = []

$_POST = []

$_FILES = []

$_COOKIE = []

$_SERVER = [
    'ALLUSERSPROFILE' => 'C:\\ProgramData'
    'APPDATA' => 'C:\\Users\\sanjay.chaudhari\\AppData\\Roaming'
    'CommonProgramFiles' => 'C:\\Program Files (x86)\\Common Files'
    'CommonProgramFiles(x86)' => 'C:\\Program Files (x86)\\Common Files'
    'CommonProgramW6432' => 'C:\\Program Files\\Common Files'
    'COMPUTERNAME' => 'PIL-AHD-D319-PC'
    'ComSpec' => 'C:\\Windows\\system32\\cmd.exe'
    'FP_NO_HOST_CHECK' => 'NO'
    'HOMEDRIVE' => 'Z:'
    'HOMEPATH' => '\\'
    'HOMESHARE' => '\\\\192.168.15.206\\user\\sanjay.chaudhari'
    'LOCALAPPDATA' => 'C:\\Users\\sanjay.chaudhari\\AppData\\Local'
    'LOGONSERVER' => '\\\\DC2008'
    'NLS_LANG' => 'AMERICAN_AMERICA.IW8ISO8859P8'
    'NUMBER_OF_PROCESSORS' => '4'
    'OS' => 'Windows_NT'
    'Path' => 'C:\\Program Files (x86)\\Common Files\\NetSarang;C:\\Program Files (x86)\\Intel\\iCLS Client\\;C:\\Program Files\\Intel\\iCLS Client\\;C:\\Windows\\system32;C:\\Windows;C:\\Windows\\System32\\Wbem;C:\\Windows\\System32\\WindowsPowerShell\\v1.0\\;C:\\Program Files\\Intel\\Intel(R) Management Engine Components\\DAL;C:\\Program Files\\Intel\\Intel(R) Management Engine Components\\IPT;C:\\Program Files (x86)\\Intel\\Intel(R) Management Engine Components\\DAL;C:\\Program Files (x86)\\Intel\\Intel(R) Management Engine Components\\IPT;C:\\Program Files (x86)\\Bitvise SSH Client;C:\\Program Files\\TortoiseSVN\\bin;D:\\instantclient_12_1;D:\\Xamp\\php;D:\\Zend\\ZendServer\\share\\ZendFramework\\bin;D:\\Zend\\MySQL55\\bin;C:\\Program Files (x86)\\Skype\\Phone\\;C:\\Program Files\\nodejs\\;C:\\xampp\\php;C:\\ProgramData\\ComposerSetup\\bin;C:\\Users\\sanjay.chaudhari\\AppData\\Roaming\\npm'
    'PATHEXT' => '.COM;.EXE;.BAT;.CMD;.VBS;.VBE;.JS;.JSE;.WSF;.WSH;.MSC'
    'PROCESSOR_ARCHITECTURE' => 'x86'
    'PROCESSOR_ARCHITEW6432' => 'AMD64'
    'PROCESSOR_IDENTIFIER' => 'Intel64 Family 6 Model 60 Stepping 3, GenuineIntel'
    'PROCESSOR_LEVEL' => '6'
    'PROCESSOR_REVISION' => '3c03'
    'ProgramData' => 'C:\\ProgramData'
    'ProgramFiles' => 'C:\\Program Files (x86)'
    'ProgramFiles(x86)' => 'C:\\Program Files (x86)'
    'ProgramW6432' => 'C:\\Program Files'
    'PROMPT' => '$P$G'
    'PSModulePath' => 'C:\\Windows\\system32\\WindowsPowerShell\\v1.0\\Modules\\'
    'PUBLIC' => 'C:\\Users\\Public'
    'SESSIONNAME' => 'Console'
    'SystemDrive' => 'C:'
    'SystemRoot' => 'C:\\Windows'
    'TEMP' => 'C:\\Users\\SANJAY~1.CHA\\AppData\\Local\\Temp'
    'TMP' => 'C:\\Users\\SANJAY~1.CHA\\AppData\\Local\\Temp'
    'USERDNSDOMAIN' => 'BANKAIGROUP.COM'
    'USERDOMAIN' => 'BANKAIGROUP'
    'USERNAME' => 'sanjay.chaudhari'
    'USERPROFILE' => 'C:\\Users\\sanjay.chaudhari'
    'windir' => 'C:\\Windows'
    'windows_tracing_flags' => '3'
    'windows_tracing_logfile' => 'C:\\BVTBin\\Tests\\installpackage\\csilogfile.log'
    'PHP_SELF' => 'yii'
    'SCRIPT_NAME' => 'yii'
    'SCRIPT_FILENAME' => 'yii'
    'PATH_TRANSLATED' => 'yii'
    'DOCUMENT_ROOT' => ''
    'REQUEST_TIME_FLOAT' => 1524124231.9298
    'REQUEST_TIME' => 1524124231
    'argv' => [
        0 => 'yii'
        1 => 'migrate'
    ]
    'argc' => 2
]
2018-04-19 09:50:45 [-][-][-][error][yii\db\Exception] PDOException: SQLSTATE[HY000] [1049] Unknown database 'yii2advanced' in C:\xampp\htdocs\yii-advance\vendor\yiisoft\yii2\db\Connection.php:687
Stack trace:
#0 C:\xampp\htdocs\yii-advance\vendor\yiisoft\yii2\db\Connection.php(687): PDO->__construct('mysql:host=127....', 'root', '', NULL)
#1 C:\xampp\htdocs\yii-advance\vendor\yiisoft\yii2\db\Connection.php(613): yii\db\Connection->createPdoInstance()
#2 C:\xampp\htdocs\yii-advance\vendor\yiisoft\yii2\db\Connection.php(996): yii\db\Connection->open()
#3 C:\xampp\htdocs\yii-advance\vendor\yiisoft\yii2\db\Connection.php(983): yii\db\Connection->getMasterPdo()
#4 C:\xampp\htdocs\yii-advance\vendor\yiisoft\yii2\db\Command.php(253): yii\db\Connection->getSlavePdo()
#5 C:\xampp\htdocs\yii-advance\vendor\yiisoft\yii2\db\Command.php(1143): yii\db\Command->prepare(true)
#6 C:\xampp\htdocs\yii-advance\vendor\yiisoft\yii2\db\Command.php(399): yii\db\Command->queryInternal('fetchAll', NULL)
#7 C:\xampp\htdocs\yii-advance\vendor\yiisoft\yii2\db\mysql\Schema.php(312): yii\db\Command->queryAll()
#8 C:\xampp\htdocs\yii-advance\vendor\yiisoft\yii2\db\mysql\Schema.php(125): yii\db\mysql\Schema->findColumns(Object(yii\db\TableSchema))
#9 C:\xampp\htdocs\yii-advance\vendor\yiisoft\yii2\db\Schema.php(744): yii\db\mysql\Schema->loadTableSchema('migration')
#10 C:\xampp\htdocs\yii-advance\vendor\yiisoft\yii2\db\Schema.php(194): yii\db\Schema->getTableMetadata('{{%migration}}', 'schema', true)
#11 C:\xampp\htdocs\yii-advance\vendor\yiisoft\yii2\console\controllers\MigrateController.php(210): yii\db\Schema->getTableSchema('{{%migration}}', true)
#12 C:\xampp\htdocs\yii-advance\vendor\yiisoft\yii2\console\controllers\BaseMigrateController.php(875): yii\console\controllers\MigrateController->getMigrationHistory(NULL)
#13 C:\xampp\htdocs\yii-advance\vendor\yiisoft\yii2\console\controllers\BaseMigrateController.php(166): yii\console\controllers\BaseMigrateController->getNewMigrations()
#14 [internal function]: yii\console\controllers\BaseMigrateController->actionUp(0)
#15 C:\xampp\htdocs\yii-advance\vendor\yiisoft\yii2\base\InlineAction.php(57): call_user_func_array(Array, Array)
#16 C:\xampp\htdocs\yii-advance\vendor\yiisoft\yii2\base\Controller.php(157): yii\base\InlineAction->runWithParams(Array)
#17 C:\xampp\htdocs\yii-advance\vendor\yiisoft\yii2\console\Controller.php(148): yii\base\Controller->runAction('', Array)
#18 C:\xampp\htdocs\yii-advance\vendor\yiisoft\yii2\base\Module.php(528): yii\console\Controller->runAction('', Array)
#19 C:\xampp\htdocs\yii-advance\vendor\yiisoft\yii2\console\Application.php(180): yii\base\Module->runAction('migrate', Array)
#20 C:\xampp\htdocs\yii-advance\vendor\yiisoft\yii2\console\Application.php(147): yii\console\Application->runAction('migrate', Array)
#21 C:\xampp\htdocs\yii-advance\vendor\yiisoft\yii2\base\Application.php(386): yii\console\Application->handleRequest(Object(yii\console\Request))
#22 C:\xampp\htdocs\yii-advance\yii(23): yii\base\Application->run()
#23 {main}

Next yii\db\Exception: SQLSTATE[HY000] [1049] Unknown database 'yii2advanced' in C:\xampp\htdocs\yii-advance\vendor\yiisoft\yii2\db\Connection.php:624
Stack trace:
#0 C:\xampp\htdocs\yii-advance\vendor\yiisoft\yii2\db\Connection.php(996): yii\db\Connection->open()
#1 C:\xampp\htdocs\yii-advance\vendor\yiisoft\yii2\db\Connection.php(983): yii\db\Connection->getMasterPdo()
#2 C:\xampp\htdocs\yii-advance\vendor\yiisoft\yii2\db\Command.php(253): yii\db\Connection->getSlavePdo()
#3 C:\xampp\htdocs\yii-advance\vendor\yiisoft\yii2\db\Command.php(1143): yii\db\Command->prepare(true)
#4 C:\xampp\htdocs\yii-advance\vendor\yiisoft\yii2\db\Command.php(399): yii\db\Command->queryInternal('fetchAll', NULL)
#5 C:\xampp\htdocs\yii-advance\vendor\yiisoft\yii2\db\mysql\Schema.php(312): yii\db\Command->queryAll()
#6 C:\xampp\htdocs\yii-advance\vendor\yiisoft\yii2\db\mysql\Schema.php(125): yii\db\mysql\Schema->findColumns(Object(yii\db\TableSchema))
#7 C:\xampp\htdocs\yii-advance\vendor\yiisoft\yii2\db\Schema.php(744): yii\db\mysql\Schema->loadTableSchema('migration')
#8 C:\xampp\htdocs\yii-advance\vendor\yiisoft\yii2\db\Schema.php(194): yii\db\Schema->getTableMetadata('{{%migration}}', 'schema', true)
#9 C:\xampp\htdocs\yii-advance\vendor\yiisoft\yii2\console\controllers\MigrateController.php(210): yii\db\Schema->getTableSchema('{{%migration}}', true)
#10 C:\xampp\htdocs\yii-advance\vendor\yiisoft\yii2\console\controllers\BaseMigrateController.php(875): yii\console\controllers\MigrateController->getMigrationHistory(NULL)
#11 C:\xampp\htdocs\yii-advance\vendor\yiisoft\yii2\console\controllers\BaseMigrateController.php(166): yii\console\controllers\BaseMigrateController->getNewMigrations()
#12 [internal function]: yii\console\controllers\BaseMigrateController->actionUp(0)
#13 C:\xampp\htdocs\yii-advance\vendor\yiisoft\yii2\base\InlineAction.php(57): call_user_func_array(Array, Array)
#14 C:\xampp\htdocs\yii-advance\vendor\yiisoft\yii2\base\Controller.php(157): yii\base\InlineAction->runWithParams(Array)
#15 C:\xampp\htdocs\yii-advance\vendor\yiisoft\yii2\console\Controller.php(148): yii\base\Controller->runAction('', Array)
#16 C:\xampp\htdocs\yii-advance\vendor\yiisoft\yii2\base\Module.php(528): yii\console\Controller->runAction('', Array)
#17 C:\xampp\htdocs\yii-advance\vendor\yiisoft\yii2\console\Application.php(180): yii\base\Module->runAction('migrate', Array)
#18 C:\xampp\htdocs\yii-advance\vendor\yiisoft\yii2\console\Application.php(147): yii\console\Application->runAction('migrate', Array)
#19 C:\xampp\htdocs\yii-advance\vendor\yiisoft\yii2\base\Application.php(386): yii\console\Application->handleRequest(Object(yii\console\Request))
#20 C:\xampp\htdocs\yii-advance\yii(23): yii\base\Application->run()
#21 {main}
Additional Information:

2018-04-19 09:50:45 [-][-][-][info][application] $_GET = []

$_POST = []

$_FILES = []

$_COOKIE = []

$_SERVER = [
    'ALLUSERSPROFILE' => 'C:\\ProgramData'
    'APPDATA' => 'C:\\Users\\sanjay.chaudhari\\AppData\\Roaming'
    'CommonProgramFiles' => 'C:\\Program Files (x86)\\Common Files'
    'CommonProgramFiles(x86)' => 'C:\\Program Files (x86)\\Common Files'
    'CommonProgramW6432' => 'C:\\Program Files\\Common Files'
    'COMPUTERNAME' => 'PIL-AHD-D319-PC'
    'ComSpec' => 'C:\\Windows\\system32\\cmd.exe'
    'FP_NO_HOST_CHECK' => 'NO'
    'HOMEDRIVE' => 'Z:'
    'HOMEPATH' => '\\'
    'HOMESHARE' => '\\\\192.168.15.206\\user\\sanjay.chaudhari'
    'LOCALAPPDATA' => 'C:\\Users\\sanjay.chaudhari\\AppData\\Local'
    'LOGONSERVER' => '\\\\DC2008'
    'NLS_LANG' => 'AMERICAN_AMERICA.IW8ISO8859P8'
    'NUMBER_OF_PROCESSORS' => '4'
    'OS' => 'Windows_NT'
    'Path' => 'C:\\Program Files (x86)\\Common Files\\NetSarang;C:\\Program Files (x86)\\Intel\\iCLS Client\\;C:\\Program Files\\Intel\\iCLS Client\\;C:\\Windows\\system32;C:\\Windows;C:\\Windows\\System32\\Wbem;C:\\Windows\\System32\\WindowsPowerShell\\v1.0\\;C:\\Program Files\\Intel\\Intel(R) Management Engine Components\\DAL;C:\\Program Files\\Intel\\Intel(R) Management Engine Components\\IPT;C:\\Program Files (x86)\\Intel\\Intel(R) Management Engine Components\\DAL;C:\\Program Files (x86)\\Intel\\Intel(R) Management Engine Components\\IPT;C:\\Program Files (x86)\\Bitvise SSH Client;C:\\Program Files\\TortoiseSVN\\bin;D:\\instantclient_12_1;D:\\Xamp\\php;D:\\Zend\\ZendServer\\share\\ZendFramework\\bin;D:\\Zend\\MySQL55\\bin;C:\\Program Files (x86)\\Skype\\Phone\\;C:\\Program Files\\nodejs\\;C:\\xampp\\php;C:\\ProgramData\\ComposerSetup\\bin;C:\\Users\\sanjay.chaudhari\\AppData\\Roaming\\npm'
    'PATHEXT' => '.COM;.EXE;.BAT;.CMD;.VBS;.VBE;.JS;.JSE;.WSF;.WSH;.MSC'
    'PROCESSOR_ARCHITECTURE' => 'x86'
    'PROCESSOR_ARCHITEW6432' => 'AMD64'
    'PROCESSOR_IDENTIFIER' => 'Intel64 Family 6 Model 60 Stepping 3, GenuineIntel'
    'PROCESSOR_LEVEL' => '6'
    'PROCESSOR_REVISION' => '3c03'
    'ProgramData' => 'C:\\ProgramData'
    'ProgramFiles' => 'C:\\Program Files (x86)'
    'ProgramFiles(x86)' => 'C:\\Program Files (x86)'
    'ProgramW6432' => 'C:\\Program Files'
    'PROMPT' => '$P$G'
    'PSModulePath' => 'C:\\Windows\\system32\\WindowsPowerShell\\v1.0\\Modules\\'
    'PUBLIC' => 'C:\\Users\\Public'
    'SESSIONNAME' => 'Console'
    'SystemDrive' => 'C:'
    'SystemRoot' => 'C:\\Windows'
    'TEMP' => 'C:\\Users\\SANJAY~1.CHA\\AppData\\Local\\Temp'
    'TMP' => 'C:\\Users\\SANJAY~1.CHA\\AppData\\Local\\Temp'
    'USERDNSDOMAIN' => 'BANKAIGROUP.COM'
    'USERDOMAIN' => 'BANKAIGROUP'
    'USERNAME' => 'sanjay.chaudhari'
    'USERPROFILE' => 'C:\\Users\\sanjay.chaudhari'
    'windir' => 'C:\\Windows'
    'windows_tracing_flags' => '3'
    'windows_tracing_logfile' => 'C:\\BVTBin\\Tests\\installpackage\\csilogfile.log'
    'PHP_SELF' => 'yii'
    'SCRIPT_NAME' => 'yii'
    'SCRIPT_FILENAME' => 'yii'
    'PATH_TRANSLATED' => 'yii'
    'DOCUMENT_ROOT' => ''
    'REQUEST_TIME_FLOAT' => 1524124245.0088
    'REQUEST_TIME' => 1524124245
    'argv' => [
        0 => 'yii'
        1 => 'migrate'
    ]
    'argc' => 2
]
2018-04-19 09:53:25 [-][-][-][error][yii\db\Exception] PDOException: SQLSTATE[HY000] [1049] Unknown database 'yii2advanced' in C:\xampp\htdocs\yii-advance\vendor\yiisoft\yii2\db\Connection.php:687
Stack trace:
#0 C:\xampp\htdocs\yii-advance\vendor\yiisoft\yii2\db\Connection.php(687): PDO->__construct('mysql:host=127....', 'root', '', NULL)
#1 C:\xampp\htdocs\yii-advance\vendor\yiisoft\yii2\db\Connection.php(613): yii\db\Connection->createPdoInstance()
#2 C:\xampp\htdocs\yii-advance\vendor\yiisoft\yii2\db\Connection.php(996): yii\db\Connection->open()
#3 C:\xampp\htdocs\yii-advance\vendor\yiisoft\yii2\db\Connection.php(983): yii\db\Connection->getMasterPdo()
#4 C:\xampp\htdocs\yii-advance\vendor\yiisoft\yii2\db\Command.php(253): yii\db\Connection->getSlavePdo()
#5 C:\xampp\htdocs\yii-advance\vendor\yiisoft\yii2\db\Command.php(1143): yii\db\Command->prepare(true)
#6 C:\xampp\htdocs\yii-advance\vendor\yiisoft\yii2\db\Command.php(399): yii\db\Command->queryInternal('fetchAll', NULL)
#7 C:\xampp\htdocs\yii-advance\vendor\yiisoft\yii2\db\mysql\Schema.php(312): yii\db\Command->queryAll()
#8 C:\xampp\htdocs\yii-advance\vendor\yiisoft\yii2\db\mysql\Schema.php(125): yii\db\mysql\Schema->findColumns(Object(yii\db\TableSchema))
#9 C:\xampp\htdocs\yii-advance\vendor\yiisoft\yii2\db\Schema.php(744): yii\db\mysql\Schema->loadTableSchema('migration')
#10 C:\xampp\htdocs\yii-advance\vendor\yiisoft\yii2\db\Schema.php(194): yii\db\Schema->getTableMetadata('{{%migration}}', 'schema', true)
#11 C:\xampp\htdocs\yii-advance\vendor\yiisoft\yii2\console\controllers\MigrateController.php(210): yii\db\Schema->getTableSchema('{{%migration}}', true)
#12 C:\xampp\htdocs\yii-advance\vendor\yiisoft\yii2\console\controllers\BaseMigrateController.php(875): yii\console\controllers\MigrateController->getMigrationHistory(NULL)
#13 C:\xampp\htdocs\yii-advance\vendor\yiisoft\yii2\console\controllers\BaseMigrateController.php(166): yii\console\controllers\BaseMigrateController->getNewMigrations()
#14 [internal function]: yii\console\controllers\BaseMigrateController->actionUp(0)
#15 C:\xampp\htdocs\yii-advance\vendor\yiisoft\yii2\base\InlineAction.php(57): call_user_func_array(Array, Array)
#16 C:\xampp\htdocs\yii-advance\vendor\yiisoft\yii2\base\Controller.php(157): yii\base\InlineAction->runWithParams(Array)
#17 C:\xampp\htdocs\yii-advance\vendor\yiisoft\yii2\console\Controller.php(148): yii\base\Controller->runAction('', Array)
#18 C:\xampp\htdocs\yii-advance\vendor\yiisoft\yii2\base\Module.php(528): yii\console\Controller->runAction('', Array)
#19 C:\xampp\htdocs\yii-advance\vendor\yiisoft\yii2\console\Application.php(180): yii\base\Module->runAction('migrate', Array)
#20 C:\xampp\htdocs\yii-advance\vendor\yiisoft\yii2\console\Application.php(147): yii\console\Application->runAction('migrate', Array)
#21 C:\xampp\htdocs\yii-advance\vendor\yiisoft\yii2\base\Application.php(386): yii\console\Application->handleRequest(Object(yii\console\Request))
#22 C:\xampp\htdocs\yii-advance\yii(23): yii\base\Application->run()
#23 {main}

Next yii\db\Exception: SQLSTATE[HY000] [1049] Unknown database 'yii2advanced' in C:\xampp\htdocs\yii-advance\vendor\yiisoft\yii2\db\Connection.php:624
Stack trace:
#0 C:\xampp\htdocs\yii-advance\vendor\yiisoft\yii2\db\Connection.php(996): yii\db\Connection->open()
#1 C:\xampp\htdocs\yii-advance\vendor\yiisoft\yii2\db\Connection.php(983): yii\db\Connection->getMasterPdo()
#2 C:\xampp\htdocs\yii-advance\vendor\yiisoft\yii2\db\Command.php(253): yii\db\Connection->getSlavePdo()
#3 C:\xampp\htdocs\yii-advance\vendor\yiisoft\yii2\db\Command.php(1143): yii\db\Command->prepare(true)
#4 C:\xampp\htdocs\yii-advance\vendor\yiisoft\yii2\db\Command.php(399): yii\db\Command->queryInternal('fetchAll', NULL)
#5 C:\xampp\htdocs\yii-advance\vendor\yiisoft\yii2\db\mysql\Schema.php(312): yii\db\Command->queryAll()
#6 C:\xampp\htdocs\yii-advance\vendor\yiisoft\yii2\db\mysql\Schema.php(125): yii\db\mysql\Schema->findColumns(Object(yii\db\TableSchema))
#7 C:\xampp\htdocs\yii-advance\vendor\yiisoft\yii2\db\Schema.php(744): yii\db\mysql\Schema->loadTableSchema('migration')
#8 C:\xampp\htdocs\yii-advance\vendor\yiisoft\yii2\db\Schema.php(194): yii\db\Schema->getTableMetadata('{{%migration}}', 'schema', true)
#9 C:\xampp\htdocs\yii-advance\vendor\yiisoft\yii2\console\controllers\MigrateController.php(210): yii\db\Schema->getTableSchema('{{%migration}}', true)
#10 C:\xampp\htdocs\yii-advance\vendor\yiisoft\yii2\console\controllers\BaseMigrateController.php(875): yii\console\controllers\MigrateController->getMigrationHistory(NULL)
#11 C:\xampp\htdocs\yii-advance\vendor\yiisoft\yii2\console\controllers\BaseMigrateController.php(166): yii\console\controllers\BaseMigrateController->getNewMigrations()
#12 [internal function]: yii\console\controllers\BaseMigrateController->actionUp(0)
#13 C:\xampp\htdocs\yii-advance\vendor\yiisoft\yii2\base\InlineAction.php(57): call_user_func_array(Array, Array)
#14 C:\xampp\htdocs\yii-advance\vendor\yiisoft\yii2\base\Controller.php(157): yii\base\InlineAction->runWithParams(Array)
#15 C:\xampp\htdocs\yii-advance\vendor\yiisoft\yii2\console\Controller.php(148): yii\base\Controller->runAction('', Array)
#16 C:\xampp\htdocs\yii-advance\vendor\yiisoft\yii2\base\Module.php(528): yii\console\Controller->runAction('', Array)
#17 C:\xampp\htdocs\yii-advance\vendor\yiisoft\yii2\console\Application.php(180): yii\base\Module->runAction('migrate', Array)
#18 C:\xampp\htdocs\yii-advance\vendor\yiisoft\yii2\console\Application.php(147): yii\console\Application->runAction('migrate', Array)
#19 C:\xampp\htdocs\yii-advance\vendor\yiisoft\yii2\base\Application.php(386): yii\console\Application->handleRequest(Object(yii\console\Request))
#20 C:\xampp\htdocs\yii-advance\yii(23): yii\base\Application->run()
#21 {main}
Additional Information:

2018-04-19 09:53:25 [-][-][-][info][application] $_GET = []

$_POST = []

$_FILES = []

$_COOKIE = []

$_SERVER = [
    'ALLUSERSPROFILE' => 'C:\\ProgramData'
    'APPDATA' => 'C:\\Users\\sanjay.chaudhari\\AppData\\Roaming'
    'CommonProgramFiles' => 'C:\\Program Files (x86)\\Common Files'
    'CommonProgramFiles(x86)' => 'C:\\Program Files (x86)\\Common Files'
    'CommonProgramW6432' => 'C:\\Program Files\\Common Files'
    'COMPUTERNAME' => 'PIL-AHD-D319-PC'
    'ComSpec' => 'C:\\Windows\\system32\\cmd.exe'
    'FP_NO_HOST_CHECK' => 'NO'
    'HOMEDRIVE' => 'Z:'
    'HOMEPATH' => '\\'
    'HOMESHARE' => '\\\\192.168.15.206\\user\\sanjay.chaudhari'
    'LOCALAPPDATA' => 'C:\\Users\\sanjay.chaudhari\\AppData\\Local'
    'LOGONSERVER' => '\\\\DC2008'
    'NLS_LANG' => 'AMERICAN_AMERICA.IW8ISO8859P8'
    'NUMBER_OF_PROCESSORS' => '4'
    'OS' => 'Windows_NT'
    'Path' => 'C:\\Program Files (x86)\\Common Files\\NetSarang;C:\\Program Files (x86)\\Intel\\iCLS Client\\;C:\\Program Files\\Intel\\iCLS Client\\;C:\\Windows\\system32;C:\\Windows;C:\\Windows\\System32\\Wbem;C:\\Windows\\System32\\WindowsPowerShell\\v1.0\\;C:\\Program Files\\Intel\\Intel(R) Management Engine Components\\DAL;C:\\Program Files\\Intel\\Intel(R) Management Engine Components\\IPT;C:\\Program Files (x86)\\Intel\\Intel(R) Management Engine Components\\DAL;C:\\Program Files (x86)\\Intel\\Intel(R) Management Engine Components\\IPT;C:\\Program Files (x86)\\Bitvise SSH Client;C:\\Program Files\\TortoiseSVN\\bin;D:\\instantclient_12_1;D:\\Xamp\\php;D:\\Zend\\ZendServer\\share\\ZendFramework\\bin;D:\\Zend\\MySQL55\\bin;C:\\Program Files (x86)\\Skype\\Phone\\;C:\\Program Files\\nodejs\\;C:\\xampp\\php;C:\\ProgramData\\ComposerSetup\\bin;C:\\Users\\sanjay.chaudhari\\AppData\\Roaming\\npm'
    'PATHEXT' => '.COM;.EXE;.BAT;.CMD;.VBS;.VBE;.JS;.JSE;.WSF;.WSH;.MSC'
    'PROCESSOR_ARCHITECTURE' => 'x86'
    'PROCESSOR_ARCHITEW6432' => 'AMD64'
    'PROCESSOR_IDENTIFIER' => 'Intel64 Family 6 Model 60 Stepping 3, GenuineIntel'
    'PROCESSOR_LEVEL' => '6'
    'PROCESSOR_REVISION' => '3c03'
    'ProgramData' => 'C:\\ProgramData'
    'ProgramFiles' => 'C:\\Program Files (x86)'
    'ProgramFiles(x86)' => 'C:\\Program Files (x86)'
    'ProgramW6432' => 'C:\\Program Files'
    'PROMPT' => '$P$G'
    'PSModulePath' => 'C:\\Windows\\system32\\WindowsPowerShell\\v1.0\\Modules\\'
    'PUBLIC' => 'C:\\Users\\Public'
    'SESSIONNAME' => 'Console'
    'SystemDrive' => 'C:'
    'SystemRoot' => 'C:\\Windows'
    'TEMP' => 'C:\\Users\\SANJAY~1.CHA\\AppData\\Local\\Temp'
    'TMP' => 'C:\\Users\\SANJAY~1.CHA\\AppData\\Local\\Temp'
    'USERDNSDOMAIN' => 'BANKAIGROUP.COM'
    'USERDOMAIN' => 'BANKAIGROUP'
    'USERNAME' => 'sanjay.chaudhari'
    'USERPROFILE' => 'C:\\Users\\sanjay.chaudhari'
    'windir' => 'C:\\Windows'
    'windows_tracing_flags' => '3'
    'windows_tracing_logfile' => 'C:\\BVTBin\\Tests\\installpackage\\csilogfile.log'
    'PHP_SELF' => 'yii'
    'SCRIPT_NAME' => 'yii'
    'SCRIPT_FILENAME' => 'yii'
    'PATH_TRANSLATED' => 'yii'
    'DOCUMENT_ROOT' => ''
    'REQUEST_TIME_FLOAT' => 1524124405.934
    'REQUEST_TIME' => 1524124405
    'argv' => [
        0 => 'yii'
        1 => 'migrate'
    ]
    'argc' => 2
]
2018-04-19 09:53:56 [-][-][-][error][yii\db\Exception] PDOException: SQLSTATE[HY000] [2002] The requested address is not valid in its context.
 in C:\xampp\htdocs\yii-advance\vendor\yiisoft\yii2\db\Connection.php:687
Stack trace:
#0 C:\xampp\htdocs\yii-advance\vendor\yiisoft\yii2\db\Connection.php(687): PDO->__construct('mysql:host=127....', 'root', '', NULL)
#1 C:\xampp\htdocs\yii-advance\vendor\yiisoft\yii2\db\Connection.php(613): yii\db\Connection->createPdoInstance()
#2 C:\xampp\htdocs\yii-advance\vendor\yiisoft\yii2\db\Connection.php(996): yii\db\Connection->open()
#3 C:\xampp\htdocs\yii-advance\vendor\yiisoft\yii2\db\Connection.php(983): yii\db\Connection->getMasterPdo()
#4 C:\xampp\htdocs\yii-advance\vendor\yiisoft\yii2\db\Command.php(253): yii\db\Connection->getSlavePdo()
#5 C:\xampp\htdocs\yii-advance\vendor\yiisoft\yii2\db\Command.php(1143): yii\db\Command->prepare(true)
#6 C:\xampp\htdocs\yii-advance\vendor\yiisoft\yii2\db\Command.php(399): yii\db\Command->queryInternal('fetchAll', NULL)
#7 C:\xampp\htdocs\yii-advance\vendor\yiisoft\yii2\db\mysql\Schema.php(312): yii\db\Command->queryAll()
#8 C:\xampp\htdocs\yii-advance\vendor\yiisoft\yii2\db\mysql\Schema.php(125): yii\db\mysql\Schema->findColumns(Object(yii\db\TableSchema))
#9 C:\xampp\htdocs\yii-advance\vendor\yiisoft\yii2\db\Schema.php(744): yii\db\mysql\Schema->loadTableSchema('migration')
#10 C:\xampp\htdocs\yii-advance\vendor\yiisoft\yii2\db\Schema.php(194): yii\db\Schema->getTableMetadata('{{%migration}}', 'schema', true)
#11 C:\xampp\htdocs\yii-advance\vendor\yiisoft\yii2\console\controllers\MigrateController.php(210): yii\db\Schema->getTableSchema('{{%migration}}', true)
#12 C:\xampp\htdocs\yii-advance\vendor\yiisoft\yii2\console\controllers\BaseMigrateController.php(875): yii\console\controllers\MigrateController->getMigrationHistory(NULL)
#13 C:\xampp\htdocs\yii-advance\vendor\yiisoft\yii2\console\controllers\BaseMigrateController.php(166): yii\console\controllers\BaseMigrateController->getNewMigrations()
#14 [internal function]: yii\console\controllers\BaseMigrateController->actionUp(0)
#15 C:\xampp\htdocs\yii-advance\vendor\yiisoft\yii2\base\InlineAction.php(57): call_user_func_array(Array, Array)
#16 C:\xampp\htdocs\yii-advance\vendor\yiisoft\yii2\base\Controller.php(157): yii\base\InlineAction->runWithParams(Array)
#17 C:\xampp\htdocs\yii-advance\vendor\yiisoft\yii2\console\Controller.php(148): yii\base\Controller->runAction('', Array)
#18 C:\xampp\htdocs\yii-advance\vendor\yiisoft\yii2\base\Module.php(528): yii\console\Controller->runAction('', Array)
#19 C:\xampp\htdocs\yii-advance\vendor\yiisoft\yii2\console\Application.php(180): yii\base\Module->runAction('migrate', Array)
#20 C:\xampp\htdocs\yii-advance\vendor\yiisoft\yii2\console\Application.php(147): yii\console\Application->runAction('migrate', Array)
#21 C:\xampp\htdocs\yii-advance\vendor\yiisoft\yii2\base\Application.php(386): yii\console\Application->handleRequest(Object(yii\console\Request))
#22 C:\xampp\htdocs\yii-advance\yii(23): yii\base\Application->run()
#23 {main}

Next yii\db\Exception: SQLSTATE[HY000] [2002] The requested address is not valid in its context.
 in C:\xampp\htdocs\yii-advance\vendor\yiisoft\yii2\db\Connection.php:624
Stack trace:
#0 C:\xampp\htdocs\yii-advance\vendor\yiisoft\yii2\db\Connection.php(996): yii\db\Connection->open()
#1 C:\xampp\htdocs\yii-advance\vendor\yiisoft\yii2\db\Connection.php(983): yii\db\Connection->getMasterPdo()
#2 C:\xampp\htdocs\yii-advance\vendor\yiisoft\yii2\db\Command.php(253): yii\db\Connection->getSlavePdo()
#3 C:\xampp\htdocs\yii-advance\vendor\yiisoft\yii2\db\Command.php(1143): yii\db\Command->prepare(true)
#4 C:\xampp\htdocs\yii-advance\vendor\yiisoft\yii2\db\Command.php(399): yii\db\Command->queryInternal('fetchAll', NULL)
#5 C:\xampp\htdocs\yii-advance\vendor\yiisoft\yii2\db\mysql\Schema.php(312): yii\db\Command->queryAll()
#6 C:\xampp\htdocs\yii-advance\vendor\yiisoft\yii2\db\mysql\Schema.php(125): yii\db\mysql\Schema->findColumns(Object(yii\db\TableSchema))
#7 C:\xampp\htdocs\yii-advance\vendor\yiisoft\yii2\db\Schema.php(744): yii\db\mysql\Schema->loadTableSchema('migration')
#8 C:\xampp\htdocs\yii-advance\vendor\yiisoft\yii2\db\Schema.php(194): yii\db\Schema->getTableMetadata('{{%migration}}', 'schema', true)
#9 C:\xampp\htdocs\yii-advance\vendor\yiisoft\yii2\console\controllers\MigrateController.php(210): yii\db\Schema->getTableSchema('{{%migration}}', true)
#10 C:\xampp\htdocs\yii-advance\vendor\yiisoft\yii2\console\controllers\BaseMigrateController.php(875): yii\console\controllers\MigrateController->getMigrationHistory(NULL)
#11 C:\xampp\htdocs\yii-advance\vendor\yiisoft\yii2\console\controllers\BaseMigrateController.php(166): yii\console\controllers\BaseMigrateController->getNewMigrations()
#12 [internal function]: yii\console\controllers\BaseMigrateController->actionUp(0)
#13 C:\xampp\htdocs\yii-advance\vendor\yiisoft\yii2\base\InlineAction.php(57): call_user_func_array(Array, Array)
#14 C:\xampp\htdocs\yii-advance\vendor\yiisoft\yii2\base\Controller.php(157): yii\base\InlineAction->runWithParams(Array)
#15 C:\xampp\htdocs\yii-advance\vendor\yiisoft\yii2\console\Controller.php(148): yii\base\Controller->runAction('', Array)
#16 C:\xampp\htdocs\yii-advance\vendor\yiisoft\yii2\base\Module.php(528): yii\console\Controller->runAction('', Array)
#17 C:\xampp\htdocs\yii-advance\vendor\yiisoft\yii2\console\Application.php(180): yii\base\Module->runAction('migrate', Array)
#18 C:\xampp\htdocs\yii-advance\vendor\yiisoft\yii2\console\Application.php(147): yii\console\Application->runAction('migrate', Array)
#19 C:\xampp\htdocs\yii-advance\vendor\yiisoft\yii2\base\Application.php(386): yii\console\Application->handleRequest(Object(yii\console\Request))
#20 C:\xampp\htdocs\yii-advance\yii(23): yii\base\Application->run()
#21 {main}
Additional Information:

2018-04-19 09:53:56 [-][-][-][info][application] $_GET = []

$_POST = []

$_FILES = []

$_COOKIE = []

$_SERVER = [
    'ALLUSERSPROFILE' => 'C:\\ProgramData'
    'APPDATA' => 'C:\\Users\\sanjay.chaudhari\\AppData\\Roaming'
    'CommonProgramFiles' => 'C:\\Program Files (x86)\\Common Files'
    'CommonProgramFiles(x86)' => 'C:\\Program Files (x86)\\Common Files'
    'CommonProgramW6432' => 'C:\\Program Files\\Common Files'
    'COMPUTERNAME' => 'PIL-AHD-D319-PC'
    'ComSpec' => 'C:\\Windows\\system32\\cmd.exe'
    'FP_NO_HOST_CHECK' => 'NO'
    'HOMEDRIVE' => 'Z:'
    'HOMEPATH' => '\\'
    'HOMESHARE' => '\\\\192.168.15.206\\user\\sanjay.chaudhari'
    'LOCALAPPDATA' => 'C:\\Users\\sanjay.chaudhari\\AppData\\Local'
    'LOGONSERVER' => '\\\\DC2008'
    'NLS_LANG' => 'AMERICAN_AMERICA.IW8ISO8859P8'
    'NUMBER_OF_PROCESSORS' => '4'
    'OS' => 'Windows_NT'
    'Path' => 'C:\\Program Files (x86)\\Common Files\\NetSarang;C:\\Program Files (x86)\\Intel\\iCLS Client\\;C:\\Program Files\\Intel\\iCLS Client\\;C:\\Windows\\system32;C:\\Windows;C:\\Windows\\System32\\Wbem;C:\\Windows\\System32\\WindowsPowerShell\\v1.0\\;C:\\Program Files\\Intel\\Intel(R) Management Engine Components\\DAL;C:\\Program Files\\Intel\\Intel(R) Management Engine Components\\IPT;C:\\Program Files (x86)\\Intel\\Intel(R) Management Engine Components\\DAL;C:\\Program Files (x86)\\Intel\\Intel(R) Management Engine Components\\IPT;C:\\Program Files (x86)\\Bitvise SSH Client;C:\\Program Files\\TortoiseSVN\\bin;D:\\instantclient_12_1;D:\\Xamp\\php;D:\\Zend\\ZendServer\\share\\ZendFramework\\bin;D:\\Zend\\MySQL55\\bin;C:\\Program Files (x86)\\Skype\\Phone\\;C:\\Program Files\\nodejs\\;C:\\xampp\\php;C:\\ProgramData\\ComposerSetup\\bin;C:\\Users\\sanjay.chaudhari\\AppData\\Roaming\\npm'
    'PATHEXT' => '.COM;.EXE;.BAT;.CMD;.VBS;.VBE;.JS;.JSE;.WSF;.WSH;.MSC'
    'PROCESSOR_ARCHITECTURE' => 'x86'
    'PROCESSOR_ARCHITEW6432' => 'AMD64'
    'PROCESSOR_IDENTIFIER' => 'Intel64 Family 6 Model 60 Stepping 3, GenuineIntel'
    'PROCESSOR_LEVEL' => '6'
    'PROCESSOR_REVISION' => '3c03'
    'ProgramData' => 'C:\\ProgramData'
    'ProgramFiles' => 'C:\\Program Files (x86)'
    'ProgramFiles(x86)' => 'C:\\Program Files (x86)'
    'ProgramW6432' => 'C:\\Program Files'
    'PROMPT' => '$P$G'
    'PSModulePath' => 'C:\\Windows\\system32\\WindowsPowerShell\\v1.0\\Modules\\'
    'PUBLIC' => 'C:\\Users\\Public'
    'SESSIONNAME' => 'Console'
    'SystemDrive' => 'C:'
    'SystemRoot' => 'C:\\Windows'
    'TEMP' => 'C:\\Users\\SANJAY~1.CHA\\AppData\\Local\\Temp'
    'TMP' => 'C:\\Users\\SANJAY~1.CHA\\AppData\\Local\\Temp'
    'USERDNSDOMAIN' => 'BANKAIGROUP.COM'
    'USERDOMAIN' => 'BANKAIGROUP'
    'USERNAME' => 'sanjay.chaudhari'
    'USERPROFILE' => 'C:\\Users\\sanjay.chaudhari'
    'windir' => 'C:\\Windows'
    'windows_tracing_flags' => '3'
    'windows_tracing_logfile' => 'C:\\BVTBin\\Tests\\installpackage\\csilogfile.log'
    'PHP_SELF' => 'yii'
    'SCRIPT_NAME' => 'yii'
    'SCRIPT_FILENAME' => 'yii'
    'PATH_TRANSLATED' => 'yii'
    'DOCUMENT_ROOT' => ''
    'REQUEST_TIME_FLOAT' => 1524124436.2025
    'REQUEST_TIME' => 1524124436
    'argv' => [
        0 => 'yii'
        1 => 'migrate'
    ]
    'argc' => 2
]
